<?xml version="1.0" encoding="UTF-8"?>
<!-- Generated by org.testng.reporters.JUnitReportReporter -->
<testsuite hostname="DESKTOP-2M850KM" name="riskmodule.pdca" tests="1" failures="0" timestamp="24 Feb 2020 07:29:29 GMT" time="14.827" errors="0">
  <testcase name="pdca_availability" time="14.827" classname="riskmodule.pdca"/>
</testsuite> <!-- riskmodule.pdca -->
