<?xml version="1.0" encoding="UTF-8"?>
<!-- Generated by org.testng.reporters.JUnitReportReporter -->
<testsuite hostname="DESKTOP-2M850KM" name="riskmodule.Add_Risk" tests="2" failures="0" timestamp="25 Feb 2020 06:10:32 GMT" time="28.191" errors="0">
  <testcase name="Edit_Risk" time="6.169" classname="riskmodule.Add_Risk"/>
  <testcase name="Adding_New_Risk" time="22.022" classname="riskmodule.Add_Risk"/>
</testsuite> <!-- riskmodule.Add_Risk -->
