<?xml version="1.0" encoding="UTF-8"?>
<!-- Generated by org.testng.reporters.JUnitReportReporter -->
<testsuite ignored="0" hostname="DESKTOP-Q7T0E74" failures="0" tests="4" name="CenturiHomePageCases.Home_Page_Tests" time="21.478" errors="0" timestamp="09 Apr 2020 11:48:33 GMT" skipped="0">
  <testcase classname="CenturiHomePageCases.Home_Page_Tests" name="centuri_home_page_testcase_001" time="10.135"/>
  <testcase classname="CenturiHomePageCases.Home_Page_Tests" name="centuri_home_page_testcase_004" time="4.576"/>
  <testcase classname="CenturiHomePageCases.Home_Page_Tests" name="centuri_home_page_testcase_002" time="3.161"/>
  <testcase classname="CenturiHomePageCases.Home_Page_Tests" name="centuri_home_page_testcase_003" time="3.606"/>
</testsuite> <!-- CenturiHomePageCases.Home_Page_Tests -->
