<?xml version="1.0" encoding="UTF-8"?>
<!-- Generated by org.testng.reporters.JUnitReportReporter -->
<testsuite ignored="0" hostname="DESKTOP-Q7T0E74" failures="0" tests="2" name="CenturiHomePageCases.Home_Page_Tests" time="6.703" errors="0" timestamp="31 Mar 2020 11:44:23 GMT" skipped="0">
  <testcase classname="CenturiHomePageCases.Home_Page_Tests" name="centuri_home_page_testcase_001" time="6.670"/>
  <testcase classname="CenturiHomePageCases.Home_Page_Tests" name="centuri_home_page_testcase_002" time="0.033"/>
</testsuite> <!-- CenturiHomePageCases.Home_Page_Tests -->
