<?xml version="1.0" encoding="UTF-8"?>
<!-- Generated by org.testng.reporters.JUnitReportReporter -->
<testsuite ignored="0" hostname="DESKTOP-Q7T0E74" failures="0" tests="1" name="CenturiHomePageCases.General_Cases" time="25.342" errors="0" timestamp="14 May 2020 13:14:23 GMT" skipped="0">
  <testcase classname="CenturiHomePageCases.General_Cases" name="centuri_General_page_testcase_002" time="25.342"/>
</testsuite> <!-- CenturiHomePageCases.General_Cases -->
