<?xml version="1.0" encoding="UTF-8"?>
<!-- Generated by org.testng.reporters.JUnitReportReporter -->
<testsuite ignored="0" hostname="DESKTOP-Q7T0E74" failures="0" tests="2" name="Centuri_Admin_Page_Cases.Administration_Cases" time="53.836" errors="0" timestamp="18 Jun 2020 12:11:37 GMT" skipped="0">
  <testcase classname="Centuri_Admin_Page_Cases.Administration_Cases" name="centuri_Admin_page_testcase_3_1_2_1" time="48.996"/>
  <testcase classname="Centuri_Admin_Page_Cases.Administration_Cases" name="centuri_Admin_page_testcase_001" time="4.840"/>
</testsuite> <!-- Centuri_Admin_Page_Cases.Administration_Cases -->
