<?xml version="1.0" encoding="UTF-8"?>
<!-- Generated by org.testng.reporters.JUnitReportReporter -->
<testsuite hostname="DESKTOP-2M850KM" name="riskmodule.Centuri_Base" tests="1" failures="0" timestamp="24 Feb 2020 07:20:55 GMT" time="0.157" errors="0">
  <testcase name="User_login" time="0.157" classname="riskmodule.Centuri_Base"/>
</testsuite> <!-- riskmodule.Centuri_Base -->
