<?xml version="1.0" encoding="UTF-8"?>
<!-- Generated by org.testng.reporters.JUnitReportReporter -->
<testsuite hostname="DESKTOP-2M850KM" name="riskmodule.Seed_RiskRegister" tests="2" failures="0" timestamp="21 Feb 2020 08:34:17 GMT" time="10.756" errors="0">
  <testcase name="seed_register" time="10.597" classname="riskmodule.Seed_RiskRegister"/>
  <testcase name="User_login" time="0.159" classname="riskmodule.Seed_RiskRegister"/>
</testsuite> <!-- riskmodule.Seed_RiskRegister -->
