<?xml version="1.0" encoding="UTF-8"?>
<!-- Generated by org.testng.reporters.JUnitReportReporter -->
<testsuite ignored="0" hostname="DESKTOP-Q7T0E74" failures="0" tests="4" name="CenturiHomePageCases.Home_Page_Tests" time="18.527" errors="0" timestamp="12 May 2020 12:10:17 GMT" skipped="0">
  <testcase classname="CenturiHomePageCases.Home_Page_Tests" name="centuri_home_page_testcase_003" time="3.722"/>
  <testcase classname="CenturiHomePageCases.Home_Page_Tests" name="centuri_home_page_testcase_002" time="3.177"/>
  <testcase classname="CenturiHomePageCases.Home_Page_Tests" name="centuri_home_page_testcase_004" time="4.531"/>
  <testcase classname="CenturiHomePageCases.Home_Page_Tests" name="centuri_home_page_testcase_001" time="7.097"/>
</testsuite> <!-- CenturiHomePageCases.Home_Page_Tests -->
